Flutter crash report; please file at https://github.com/flutter/flutter/issues.

## command

flutter build apk

## exception

ProcessException: ProcessException: Process "E:\ideaDemo\myapp\android\gradlew.bat" exited abnormally:
Downloading https://services.gradle.org/distributions/gradle-4.10.2-all.zip
.........................................................................................................................................................................................................................................................................................................................................................................................................................................................................................................................................................................................................................................................................................................................................................................................................................................................................................................................................................................................................................................................................................................................................................................................................................................................................................................................................................................................................................................................................................................................................................................................................................................................................................................................................................................................................................................................................................................................................................................................................................................................................................................................................................................................................................................................................................................................................................................................................................................................................................................................................................................................................................................................................................................................................................................................................................................................................................................................................................................................................................................................................................................................................................................................................................................................................................................................................................................................................................................................................................................................................................................................................................................................................................................................................................................................................................................................................................................................................................................................................................................................................................................................................................................................................................................................................................................................................................................................................................................................................................................................................................................................................................................................................................................................................................................................................................................................................................................................................................................................................................................................................................................................................................................................................................................................................................................................................................................................................................................................................................................................................................................................................................................................................................................................................................................................................................................................................................................................................................................................................................
Unzipping C:\Users\pengjian\.gradle\wrapper\dists\gradle-4.10.2-all\9fahxiiecdb76a5g3aw9oi8rv\gradle-4.10.2-all.zip to C:\Users\pengjian\.gradle\wrapper\dists\gradle-4.10.2-all\9fahxiiecdb76a5g3aw9oi8rv

Exception in thread "main" java.util.zip.ZipException: error in opening zip file
	at java.util.zip.ZipFile.open(Native Method)
	at java.util.zip.ZipFile.<init>(ZipFile.java:225)
	at java.util.zip.ZipFile.<init>(ZipFile.java:155)
	at java.util.zip.ZipFile.<init>(ZipFile.java:169)
	at org.gradle.wrapper.Install.unzip(Install.java:214)
	at org.gradle.wrapper.Install.access$600(Install.java:27)
	at org.gradle.wrapper.Install$1.call(Install.java:74)
	at org.gradle.wrapper.Install$1.call(Install.java:48)
	at org.gradle.wrapper.ExclusiveFileAccessManager.access(ExclusiveFileAccessManager.java:65)
	at org.gradle.wrapper.Install.createDist(Install.java:48)
	at org.gradle.wrapper.WrapperExecutor.execute(WrapperExecutor.java:128)
	at org.gradle.wrapper.GradleWrapperMain.main(GradleWrapperMain.java:61)
  Command: E:\ideaDemo\myapp\android\gradlew.bat -v

```
#0      runCheckedAsync (package:flutter_tools/src/base/process.dart:251:5)
<asynchronous suspension>
#1      _initializeGradle (package:flutter_tools/src/android/gradle.dart:185:9)
<asynchronous suspension>
#2      _ensureGradle (package:flutter_tools/src/android/gradle.dart:166:37)
<asynchronous suspension>
#3      buildGradleProject (package:flutter_tools/src/android/gradle.dart:290:31)
<asynchronous suspension>
#4      buildApk (package:flutter_tools/src/android/apk.dart:43:10)
<asynchronous suspension>
#5      BuildApkCommand.runCommand (package:flutter_tools/src/commands/build_apk.dart:44:11)
<asynchronous suspension>
#6      FlutterCommand.verifyThenRunCommand (package:flutter_tools/src/runner/flutter_command.dart:401:18)
#7      _asyncThenWrapperHelper.<anonymous closure> (dart:async/runtime/libasync_patch.dart:77:64)
#8      _rootRunUnary (dart:async/zone.dart:1132:38)
#9      _CustomZone.runUnary (dart:async/zone.dart:1029:19)
#10     _FutureListener.handleValue (dart:async/future_impl.dart:129:18)
#11     Future._propagateToListeners.handleValueCallback (dart:async/future_impl.dart:642:45)
#12     Future._propagateToListeners (dart:async/future_impl.dart:671:32)
#13     Future._complete (dart:async/future_impl.dart:476:7)
#14     _SyncCompleter.complete (dart:async/future_impl.dart:51:12)
#15     _AsyncAwaitCompleter.complete.<anonymous closure> (dart:async/runtime/libasync_patch.dart:33:20)
#16     _rootRun (dart:async/zone.dart:1124:13)
#17     _CustomZone.run (dart:async/zone.dart:1021:19)
#18     _CustomZone.bindCallback.<anonymous closure> (dart:async/zone.dart:947:23)
#19     _microtaskLoop (dart:async/schedule_microtask.dart:41:21)
#20     _startMicrotaskLoop (dart:async/schedule_microtask.dart:50:5)
#21     _runPendingImmediateCallback (dart:isolate/runtime/libisolate_patch.dart:115:13)
#22     _RawReceivePortImpl._handleMessage (dart:isolate/runtime/libisolate_patch.dart:172:5)
```

## flutter doctor

```
[32m[✓][39m Flutter (Channel stable, v1.0.0, on Microsoft Windows [Version 10.0.17763.475], locale zh-CN)
    [32m•[39m Flutter version 1.0.0 at D:\flutter\flutter
    [32m•[39m Framework revision 5391447fae (6 months ago), 2018-11-29 19:41:26 -0800
    [32m•[39m Engine revision 7375a0f414
    [32m•[39m Dart version 2.1.0 (build 2.1.0-dev.9.4 f9ebf21297)

[33m[!][39m Android toolchain - develop for Android devices (Android SDK 28.0.3)
    [32m•[39m Android SDK at D:\Android\Sdk
    [32m•[39m Android NDK location not configured (optional; useful for native profiling support)
    [32m•[39m Platform android-28, build-tools 28.0.3
    [32m•[39m ANDROID_HOME = D:\Android\Sdk
    [32m•[39m Java binary at: D:\Java\jdk1.8.0_172\bin\java
    [32m•[39m Java version Java(TM) SE Runtime Environment (build 1.8.0_172-b11)
    [33m![39m Some Android licenses not accepted.  To resolve this, run: flutter doctor --android-licenses

[33m[!][39m Android Studio (not installed)
    [32m•[39m Android Studio not found; download from https://developer.android.com/studio/index.html
      (or visit https://flutter.io/setup/#android-setup for detailed instructions).

[32m[✓][39m IntelliJ IDEA Ultimate Edition (version 2018.3)
    [32m•[39m IntelliJ at D:\Program Files\JetBrains\IntelliJ IDEA 2018.3
    [32m•[39m Flutter plugin version 32.0.2
    [32m•[39m Dart plugin version 183.4733

[33m[!][39m Connected device
    [33m![39m No devices available

[33m![39m Doctor found issues in 3 categories.
```
